Using pre-set license
Built from '2020.3/staging' branch; Version is '2020.3.19f1 (68f137dc9bbe) revision 6877495'; Using compiler version '192528614'; Build Type 'Release'
OS: 'Windows 10 Home; OS build 19043.1288; Version 2009; 64bit' Language: 'ko' Physical Memory: 16240 MB
BatchMode: 1, IsHumanControllingUs: 0, StartBugReporterOnCrash: 0, Is64bit: 1, IsPro: 0

COMMAND LINE ARGUMENTS:
C:\Users\TFG277\Desktop\sd\2020.3.19f1\Editor\Unity.exe
-adb2
-batchMode
-noUpm
-name
AssetImportWorker0
-projectPath
C:/Users/TFG277/Desktop/Unity/SS_Shooting
-logFile
Logs/AssetImportWorker0.log
-srvPort
3964
Successfully changed project path to: C:/Users/TFG277/Desktop/Unity/SS_Shooting
C:/Users/TFG277/Desktop/Unity/SS_Shooting
Using Asset Import Pipeline V2.
Refreshing native plugins compatible for Editor in 49.02 ms, found 3 plugins.
Preloading 0 native plugins for Editor in 0.00 ms.
Initialize engine version: 2020.3.19f1 (68f137dc9bbe)
[Subsystems] Discovering subsystems at path C:/Users/TFG277/Desktop/sd/2020.3.19f1/Editor/Data/Resources/UnitySubsystems
[Subsystems] Discovering subsystems at path C:/Users/TFG277/Desktop/Unity/SS_Shooting/Assets
GfxDevice: creating device client; threaded=0
Direct3D:
    Version:  Direct3D 11.0 [level 11.1]
    Renderer: NVIDIA GeForce RTX 2070 (ID=0x1f10)
    Vendor:   
    VRAM:     8031 MB
    Driver:   30.0.14.9613
Initialize mono
Mono path[0] = 'C:/Users/TFG277/Desktop/sd/2020.3.19f1/Editor/Data/Managed'
Mono path[1] = 'C:/Users/TFG277/Desktop/sd/2020.3.19f1/Editor/Data/MonoBleedingEdge/lib/mono/unityjit'
Mono config path = 'C:/Users/TFG277/Desktop/sd/2020.3.19f1/Editor/Data/MonoBleedingEdge/etc'
Using monoOptions --debugger-agent=transport=dt_socket,embedding=1,server=y,suspend=n,address=127.0.0.1:56560
Begin MonoManager ReloadAssembly
Registering precompiled unity dll's ...
Register platform support module: C:/Users/TFG277/Desktop/sd/2020.3.19f1/Editor/Data/PlaybackEngines/WindowsStandaloneSupport/UnityEditor.WindowsStandalone.Extensions.dll
Registered in 0.002433 seconds.
Native extension for WindowsStandalone target not found
Refreshing native plugins compatible for Editor in 40.82 ms, found 3 plugins.
Preloading 0 native plugins for Editor in 0.00 ms.
Mono: successfully reloaded assembly
- Completed reload, in  1.231 seconds
Domain Reload Profiling:
	ReloadAssembly (1231ms)
		BeginReloadAssembly (70ms)
			ExecutionOrderSort (0ms)
			DisableScriptedObjects (0ms)
			BackupInstance (0ms)
			ReleaseScriptingObjects (0ms)
			CreateAndSetChildDomain (1ms)
		EndReloadAssembly (427ms)
			LoadAssemblies (67ms)
			RebuildTransferFunctionScriptingTraits (0ms)
			SetupTypeCache (152ms)
			ReleaseScriptCaches (0ms)
			RebuildScriptCaches (31ms)
			SetupLoadedEditorAssemblies (164ms)
				LogAssemblyErrors (0ms)
				InitializePlatformSupportModulesInManaged (4ms)
				SetLoadedEditorAssemblies (0ms)
				RefreshPlugins (41ms)
				BeforeProcessingInitializeOnLoad (16ms)
				ProcessInitializeOnLoadAttributes (75ms)
				ProcessInitializeOnLoadMethodAttributes (27ms)
				AfterProcessingInitializeOnLoad (0ms)
				EditorAssembliesLoaded (0ms)
			ExecutionOrderSort2 (0ms)
			AwakeInstancesAfterBackupRestoration (0ms)
Platform modules already initialized, skipping
Registering precompiled user dll's ...
Registered in 0.003808 seconds.
Begin MonoManager ReloadAssembly
Native extension for WindowsStandalone target not found
Refreshing native plugins compatible for Editor in 41.85 ms, found 3 plugins.
Preloading 0 native plugins for Editor in 0.00 ms.
Mono: successfully reloaded assembly
- Completed reload, in  1.222 seconds
Domain Reload Profiling:
	ReloadAssembly (1223ms)
		BeginReloadAssembly (156ms)
			ExecutionOrderSort (0ms)
			DisableScriptedObjects (4ms)
			BackupInstance (0ms)
			ReleaseScriptingObjects (0ms)
			CreateAndSetChildDomain (18ms)
		EndReloadAssembly (996ms)
			LoadAssemblies (113ms)
			RebuildTransferFunctionScriptingTraits (0ms)
			SetupTypeCache (321ms)
			ReleaseScriptCaches (0ms)
			RebuildScriptCaches (46ms)
			SetupLoadedEditorAssemblies (385ms)
				LogAssemblyErrors (0ms)
				InitializePlatformSupportModulesInManaged (4ms)
				SetLoadedEditorAssemblies (0ms)
				RefreshPlugins (42ms)
				BeforeProcessingInitializeOnLoad (86ms)
				ProcessInitializeOnLoadAttributes (227ms)
				ProcessInitializeOnLoadMethodAttributes (17ms)
				AfterProcessingInitializeOnLoad (10ms)
				EditorAssembliesLoaded (0ms)
			ExecutionOrderSort2 (0ms)
			AwakeInstancesAfterBackupRestoration (10ms)
Platform modules already initialized, skipping
========================================================================
Worker process is ready to serve import requests
Launched and connected shader compiler UnityShaderCompiler.exe after 0.09 seconds
Refreshing native plugins compatible for Editor in 0.47 ms, found 3 plugins.
Preloading 0 native plugins for Editor in 0.00 ms.
Unloading 2099 Unused Serialized files (Serialized files now loaded: 0)
System memory in use before: 93.3 MB.
System memory in use after: 93.4 MB.

Unloading 26 unused Assets to reduce memory usage. Loaded Objects now: 2540.
Total: 3.163800 ms (FindLiveObjects: 0.179700 ms CreateObjectMapping: 0.083200 ms MarkObjects: 2.816600 ms  DeleteObjects: 0.083000 ms)

AssetImportParameters requested are different than current active one (requested -> active):
  custom:framework-win-MediaFoundation: 216162199b28c13a410421893ffa2e32 -> 
  custom:video-decoder-ogg-theora: a1e56fd34408186e4bbccfd4996cb3dc -> 
  custom:container-muxer-webm: aa71ff27fc2769a1b78a27578f13a17b -> 
  custom:container-demuxer-webm: 4f35f7cbe854078d1ac9338744f61a02 -> 
  custom:container-demuxer-ogg: 62fdf1f143b41e24485cea50d1cbac27 -> 
  custom:video-encoder-webm-vp8: eb34c28f22e8b96e1ab97ce403110664 -> 
  custom:video-decoder-webm-vp8: 9c59270c3fd7afecdb556c50c9e8de78 -> 
  custom:audio-decoder-ogg-vorbis: bf7c407c2cedff20999df2af8eb42d56 -> 
  custom:audio-encoder-webm-vorbis: bf7c407c2cedff20999df2af8eb42d56 -> 
========================================================================
Received Import Request.
  path: Assets/Script/Game_Manager.cs
  artifactKey: Guid(4cfea88e2e142554f81102b375704ca6) Importer(815301076,1909f56bfc062723c751e8b465ee728b)
Start importing Assets/Script/Game_Manager.cs using Guid(4cfea88e2e142554f81102b375704ca6) Importer(815301076,1909f56bfc062723c751e8b465ee728b)  -> (artifact id: '47ae9ca1095eef72a8891672d8221434') in 0.067863 seconds 
  Import took 0.071566 seconds .

========================================================================
Received Prepare
Registering precompiled user dll's ...
Registered in 0.003820 seconds.
Begin MonoManager ReloadAssembly
Native extension for WindowsStandalone target not found
Refreshing native plugins compatible for Editor in 0.44 ms, found 3 plugins.
Preloading 0 native plugins for Editor in 0.00 ms.
Mono: successfully reloaded assembly
- Completed reload, in  1.046 seconds
Domain Reload Profiling:
	ReloadAssembly (1048ms)
		BeginReloadAssembly (120ms)
			ExecutionOrderSort (0ms)
			DisableScriptedObjects (6ms)
			BackupInstance (0ms)
			ReleaseScriptingObjects (0ms)
			CreateAndSetChildDomain (33ms)
		EndReloadAssembly (863ms)
			LoadAssemblies (100ms)
			RebuildTransferFunctionScriptingTraits (0ms)
			SetupTypeCache (289ms)
			ReleaseScriptCaches (1ms)
			RebuildScriptCaches (41ms)
			SetupLoadedEditorAssemblies (310ms)
				LogAssemblyErrors (0ms)
				InitializePlatformSupportModulesInManaged (5ms)
				SetLoadedEditorAssemblies (0ms)
				RefreshPlugins (1ms)
				BeforeProcessingInitializeOnLoad (82ms)
				ProcessInitializeOnLoadAttributes (208ms)
				ProcessInitializeOnLoadMethodAttributes (6ms)
				AfterProcessingInitializeOnLoad (8ms)
				EditorAssembliesLoaded (0ms)
			ExecutionOrderSort2 (0ms)
			AwakeInstancesAfterBackupRestoration (19ms)
Platform modules already initialized, skipping
Refreshing native plugins compatible for Editor in 0.41 ms, found 3 plugins.
Preloading 0 native plugins for Editor in 0.00 ms.
Unloading 2089 Unused Serialized files (Serialized files now loaded: 0)
System memory in use before: 92.7 MB.
System memory in use after: 92.9 MB.

Unloading 14 unused Assets to reduce memory usage. Loaded Objects now: 2543.
Total: 3.622500 ms (FindLiveObjects: 0.180400 ms CreateObjectMapping: 0.065700 ms MarkObjects: 3.354500 ms  DeleteObjects: 0.020600 ms)

AssetImportParameters requested are different than current active one (requested -> active):
  custom:framework-win-MediaFoundation: 216162199b28c13a410421893ffa2e32 -> 
  custom:video-decoder-ogg-theora: a1e56fd34408186e4bbccfd4996cb3dc -> 
  custom:container-muxer-webm: aa71ff27fc2769a1b78a27578f13a17b -> 
  custom:container-demuxer-webm: 4f35f7cbe854078d1ac9338744f61a02 -> 
  custom:container-demuxer-ogg: 62fdf1f143b41e24485cea50d1cbac27 -> 
  custom:video-encoder-webm-vp8: eb34c28f22e8b96e1ab97ce403110664 -> 
  custom:video-decoder-webm-vp8: 9c59270c3fd7afecdb556c50c9e8de78 -> 
  custom:audio-decoder-ogg-vorbis: bf7c407c2cedff20999df2af8eb42d56 -> 
  custom:audio-encoder-webm-vorbis: bf7c407c2cedff20999df2af8eb42d56 -> 
========================================================================
Received Import Request.
  Time since last request: 392.084608 seconds.
  path: Assets/Script/Game_Manager.cs
  artifactKey: Guid(4cfea88e2e142554f81102b375704ca6) Importer(815301076,1909f56bfc062723c751e8b465ee728b)
Start importing Assets/Script/Game_Manager.cs using Guid(4cfea88e2e142554f81102b375704ca6) Importer(815301076,1909f56bfc062723c751e8b465ee728b)  -> (artifact id: '33658ecb460bf4dd65b19bf5f59ddd7c') in 0.074354 seconds 
  Import took 0.122011 seconds .

========================================================================
Received Prepare
Registering precompiled user dll's ...
Registered in 0.012257 seconds.
Begin MonoManager ReloadAssembly
Native extension for WindowsStandalone target not found
Refreshing native plugins compatible for Editor in 0.52 ms, found 3 plugins.
Preloading 0 native plugins for Editor in 0.00 ms.
Mono: successfully reloaded assembly
- Completed reload, in  1.089 seconds
Domain Reload Profiling:
	ReloadAssembly (1090ms)
		BeginReloadAssembly (146ms)
			ExecutionOrderSort (0ms)
			DisableScriptedObjects (6ms)
			BackupInstance (0ms)
			ReleaseScriptingObjects (0ms)
			CreateAndSetChildDomain (37ms)
		EndReloadAssembly (870ms)
			LoadAssemblies (116ms)
			RebuildTransferFunctionScriptingTraits (0ms)
			SetupTypeCache (307ms)
			ReleaseScriptCaches (1ms)
			RebuildScriptCaches (46ms)
			SetupLoadedEditorAssemblies (303ms)
				LogAssemblyErrors (0ms)
				InitializePlatformSupportModulesInManaged (5ms)
				SetLoadedEditorAssemblies (0ms)
				RefreshPlugins (1ms)
				BeforeProcessingInitializeOnLoad (87ms)
				ProcessInitializeOnLoadAttributes (195ms)
				ProcessInitializeOnLoadMethodAttributes (6ms)
				AfterProcessingInitializeOnLoad (9ms)
				EditorAssembliesLoaded (0ms)
			ExecutionOrderSort2 (0ms)
			AwakeInstancesAfterBackupRestoration (10ms)
Platform modules already initialized, skipping
Refreshing native plugins compatible for Editor in 0.59 ms, found 3 plugins.
Preloading 0 native plugins for Editor in 0.00 ms.
Unloading 2089 Unused Serialized files (Serialized files now loaded: 0)
System memory in use before: 92.8 MB.
System memory in use after: 92.9 MB.

Unloading 14 unused Assets to reduce memory usage. Loaded Objects now: 2546.
Total: 3.124300 ms (FindLiveObjects: 0.188400 ms CreateObjectMapping: 0.062400 ms MarkObjects: 2.857700 ms  DeleteObjects: 0.014700 ms)

AssetImportParameters requested are different than current active one (requested -> active):
  custom:framework-win-MediaFoundation: 216162199b28c13a410421893ffa2e32 -> 
  custom:video-decoder-ogg-theora: a1e56fd34408186e4bbccfd4996cb3dc -> 
  custom:container-muxer-webm: aa71ff27fc2769a1b78a27578f13a17b -> 
  custom:container-demuxer-webm: 4f35f7cbe854078d1ac9338744f61a02 -> 
  custom:container-demuxer-ogg: 62fdf1f143b41e24485cea50d1cbac27 -> 
  custom:video-encoder-webm-vp8: eb34c28f22e8b96e1ab97ce403110664 -> 
  custom:video-decoder-webm-vp8: 9c59270c3fd7afecdb556c50c9e8de78 -> 
  custom:audio-decoder-ogg-vorbis: bf7c407c2cedff20999df2af8eb42d56 -> 
  custom:audio-encoder-webm-vorbis: bf7c407c2cedff20999df2af8eb42d56 -> 
========================================================================
Received Prepare
Registering precompiled user dll's ...
Registered in 0.005375 seconds.
Begin MonoManager ReloadAssembly
Native extension for WindowsStandalone target not found
Refreshing native plugins compatible for Editor in 0.91 ms, found 3 plugins.
Preloading 0 native plugins for Editor in 0.00 ms.
Mono: successfully reloaded assembly
- Completed reload, in  2.381 seconds
Domain Reload Profiling:
	ReloadAssembly (2381ms)
		BeginReloadAssembly (144ms)
			ExecutionOrderSort (0ms)
			DisableScriptedObjects (8ms)
			BackupInstance (0ms)
			ReleaseScriptingObjects (0ms)
			CreateAndSetChildDomain (60ms)
		EndReloadAssembly (2172ms)
			LoadAssemblies (114ms)
			RebuildTransferFunctionScriptingTraits (0ms)
			SetupTypeCache (299ms)
			ReleaseScriptCaches (1ms)
			RebuildScriptCaches (55ms)
			SetupLoadedEditorAssemblies (373ms)
				LogAssemblyErrors (0ms)
				InitializePlatformSupportModulesInManaged (10ms)
				SetLoadedEditorAssemblies (1ms)
				RefreshPlugins (1ms)
				BeforeProcessingInitializeOnLoad (135ms)
				ProcessInitializeOnLoadAttributes (213ms)
				ProcessInitializeOnLoadMethodAttributes (6ms)
				AfterProcessingInitializeOnLoad (8ms)
				EditorAssembliesLoaded (0ms)
			ExecutionOrderSort2 (0ms)
			AwakeInstancesAfterBackupRestoration (10ms)
Platform modules already initialized, skipping
Refreshing native plugins compatible for Editor in 0.43 ms, found 3 plugins.
Preloading 0 native plugins for Editor in 0.00 ms.
Unloading 2089 Unused Serialized files (Serialized files now loaded: 0)
System memory in use before: 92.8 MB.
System memory in use after: 92.9 MB.

Unloading 14 unused Assets to reduce memory usage. Loaded Objects now: 2549.
Total: 3.069300 ms (FindLiveObjects: 0.243800 ms CreateObjectMapping: 0.085000 ms MarkObjects: 2.719800 ms  DeleteObjects: 0.019400 ms)

AssetImportParameters requested are different than current active one (requested -> active):
  custom:framework-win-MediaFoundation: 216162199b28c13a410421893ffa2e32 -> 
  custom:video-decoder-ogg-theora: a1e56fd34408186e4bbccfd4996cb3dc -> 
  custom:container-muxer-webm: aa71ff27fc2769a1b78a27578f13a17b -> 
  custom:container-demuxer-webm: 4f35f7cbe854078d1ac9338744f61a02 -> 
  custom:container-demuxer-ogg: 62fdf1f143b41e24485cea50d1cbac27 -> 
  custom:video-encoder-webm-vp8: eb34c28f22e8b96e1ab97ce403110664 -> 
  custom:video-decoder-webm-vp8: 9c59270c3fd7afecdb556c50c9e8de78 -> 
  custom:audio-decoder-ogg-vorbis: bf7c407c2cedff20999df2af8eb42d56 -> 
  custom:audio-encoder-webm-vorbis: bf7c407c2cedff20999df2af8eb42d56 -> 
========================================================================
Received Prepare
Registering precompiled user dll's ...
Registered in 0.003550 seconds.
Begin MonoManager ReloadAssembly
Native extension for WindowsStandalone target not found
Refreshing native plugins compatible for Editor in 0.44 ms, found 3 plugins.
Preloading 0 native plugins for Editor in 0.00 ms.
Mono: successfully reloaded assembly
- Completed reload, in  1.168 seconds
Domain Reload Profiling:
	ReloadAssembly (1168ms)
		BeginReloadAssembly (136ms)
			ExecutionOrderSort (0ms)
			DisableScriptedObjects (6ms)
			BackupInstance (0ms)
			ReleaseScriptingObjects (0ms)
			CreateAndSetChildDomain (35ms)
		EndReloadAssembly (966ms)
			LoadAssemblies (113ms)
			RebuildTransferFunctionScriptingTraits (0ms)
			SetupTypeCache (418ms)
			ReleaseScriptCaches (1ms)
			RebuildScriptCaches (41ms)
			SetupLoadedEditorAssemblies (303ms)
				LogAssemblyErrors (0ms)
				InitializePlatformSupportModulesInManaged (5ms)
				SetLoadedEditorAssemblies (0ms)
				RefreshPlugins (1ms)
				BeforeProcessingInitializeOnLoad (81ms)
				ProcessInitializeOnLoadAttributes (202ms)
				ProcessInitializeOnLoadMethodAttributes (6ms)
				AfterProcessingInitializeOnLoad (7ms)
				EditorAssembliesLoaded (0ms)
			ExecutionOrderSort2 (0ms)
			AwakeInstancesAfterBackupRestoration (10ms)
Platform modules already initialized, skipping
Refreshing native plugins compatible for Editor in 0.41 ms, found 3 plugins.
Preloading 0 native plugins for Editor in 0.00 ms.
Unloading 2089 Unused Serialized files (Serialized files now loaded: 0)
System memory in use before: 92.8 MB.
System memory in use after: 93.0 MB.

Unloading 14 unused Assets to reduce memory usage. Loaded Objects now: 2552.
Total: 3.125200 ms (FindLiveObjects: 0.183300 ms CreateObjectMapping: 0.062500 ms MarkObjects: 2.855400 ms  DeleteObjects: 0.023000 ms)

AssetImportParameters requested are different than current active one (requested -> active):
  custom:framework-win-MediaFoundation: 216162199b28c13a410421893ffa2e32 -> 
  custom:video-decoder-ogg-theora: a1e56fd34408186e4bbccfd4996cb3dc -> 
  custom:container-muxer-webm: aa71ff27fc2769a1b78a27578f13a17b -> 
  custom:container-demuxer-webm: 4f35f7cbe854078d1ac9338744f61a02 -> 
  custom:container-demuxer-ogg: 62fdf1f143b41e24485cea50d1cbac27 -> 
  custom:video-encoder-webm-vp8: eb34c28f22e8b96e1ab97ce403110664 -> 
  custom:video-decoder-webm-vp8: 9c59270c3fd7afecdb556c50c9e8de78 -> 
  custom:audio-decoder-ogg-vorbis: bf7c407c2cedff20999df2af8eb42d56 -> 
  custom:audio-encoder-webm-vorbis: bf7c407c2cedff20999df2af8eb42d56 -> 
========================================================================
Received Prepare
Registering precompiled user dll's ...
Registered in 0.003514 seconds.
Begin MonoManager ReloadAssembly
Native extension for WindowsStandalone target not found
Refreshing native plugins compatible for Editor in 0.67 ms, found 3 plugins.
Preloading 0 native plugins for Editor in 0.00 ms.
Mono: successfully reloaded assembly
- Completed reload, in  1.092 seconds
Domain Reload Profiling:
	ReloadAssembly (1093ms)
		BeginReloadAssembly (132ms)
			ExecutionOrderSort (0ms)
			DisableScriptedObjects (7ms)
			BackupInstance (0ms)
			ReleaseScriptingObjects (0ms)
			CreateAndSetChildDomain (36ms)
		EndReloadAssembly (868ms)
			LoadAssemblies (116ms)
			RebuildTransferFunctionScriptingTraits (0ms)
			SetupTypeCache (307ms)
			ReleaseScriptCaches (1ms)
			RebuildScriptCaches (43ms)
			SetupLoadedEditorAssemblies (301ms)
				LogAssemblyErrors (0ms)
				InitializePlatformSupportModulesInManaged (5ms)
				SetLoadedEditorAssemblies (1ms)
				RefreshPlugins (1ms)
				BeforeProcessingInitializeOnLoad (82ms)
				ProcessInitializeOnLoadAttributes (199ms)
				ProcessInitializeOnLoadMethodAttributes (5ms)
				AfterProcessingInitializeOnLoad (7ms)
				EditorAssembliesLoaded (0ms)
			ExecutionOrderSort2 (0ms)
			AwakeInstancesAfterBackupRestoration (10ms)
Platform modules already initialized, skipping
Refreshing native plugins compatible for Editor in 0.46 ms, found 3 plugins.
Preloading 0 native plugins for Editor in 0.00 ms.
Unloading 2089 Unused Serialized files (Serialized files now loaded: 0)
System memory in use before: 92.8 MB.
System memory in use after: 93.0 MB.

Unloading 14 unused Assets to reduce memory usage. Loaded Objects now: 2555.
Total: 4.266400 ms (FindLiveObjects: 0.212500 ms CreateObjectMapping: 0.094000 ms MarkObjects: 3.931500 ms  DeleteObjects: 0.027100 ms)

AssetImportParameters requested are different than current active one (requested -> active):
  custom:framework-win-MediaFoundation: 216162199b28c13a410421893ffa2e32 -> 
  custom:video-decoder-ogg-theora: a1e56fd34408186e4bbccfd4996cb3dc -> 
  custom:container-muxer-webm: aa71ff27fc2769a1b78a27578f13a17b -> 
  custom:container-demuxer-webm: 4f35f7cbe854078d1ac9338744f61a02 -> 
  custom:container-demuxer-ogg: 62fdf1f143b41e24485cea50d1cbac27 -> 
  custom:video-encoder-webm-vp8: eb34c28f22e8b96e1ab97ce403110664 -> 
  custom:video-decoder-webm-vp8: 9c59270c3fd7afecdb556c50c9e8de78 -> 
  custom:audio-decoder-ogg-vorbis: bf7c407c2cedff20999df2af8eb42d56 -> 
  custom:audio-encoder-webm-vorbis: bf7c407c2cedff20999df2af8eb42d56 -> 
========================================================================
Received Prepare
Registering precompiled user dll's ...
Registered in 0.005270 seconds.
Begin MonoManager ReloadAssembly
Native extension for WindowsStandalone target not found
Refreshing native plugins compatible for Editor in 0.51 ms, found 3 plugins.
Preloading 0 native plugins for Editor in 0.00 ms.
Mono: successfully reloaded assembly
- Completed reload, in  1.079 seconds
Domain Reload Profiling:
	ReloadAssembly (1079ms)
		BeginReloadAssembly (142ms)
			ExecutionOrderSort (0ms)
			DisableScriptedObjects (6ms)
			BackupInstance (0ms)
			ReleaseScriptingObjects (0ms)
			CreateAndSetChildDomain (43ms)
		EndReloadAssembly (876ms)
			LoadAssemblies (111ms)
			RebuildTransferFunctionScriptingTraits (0ms)
			SetupTypeCache (325ms)
			ReleaseScriptCaches (1ms)
			RebuildScriptCaches (46ms)
			SetupLoadedEditorAssemblies (299ms)
				LogAssemblyErrors (0ms)
				InitializePlatformSupportModulesInManaged (5ms)
				SetLoadedEditorAssemblies (1ms)
				RefreshPlugins (1ms)
				BeforeProcessingInitializeOnLoad (85ms)
				ProcessInitializeOnLoadAttributes (195ms)
				ProcessInitializeOnLoadMethodAttributes (6ms)
				AfterProcessingInitializeOnLoad (7ms)
				EditorAssembliesLoaded (0ms)
			ExecutionOrderSort2 (0ms)
			AwakeInstancesAfterBackupRestoration (10ms)
Platform modules already initialized, skipping
Refreshing native plugins compatible for Editor in 0.47 ms, found 3 plugins.
Preloading 0 native plugins for Editor in 0.00 ms.
Unloading 2089 Unused Serialized files (Serialized files now loaded: 0)
System memory in use before: 92.9 MB.
System memory in use after: 93.0 MB.

Unloading 14 unused Assets to reduce memory usage. Loaded Objects now: 2558.
Total: 3.082700 ms (FindLiveObjects: 0.262800 ms CreateObjectMapping: 0.090400 ms MarkObjects: 2.708400 ms  DeleteObjects: 0.019400 ms)

AssetImportParameters requested are different than current active one (requested -> active):
  custom:framework-win-MediaFoundation: 216162199b28c13a410421893ffa2e32 -> 
  custom:video-decoder-ogg-theora: a1e56fd34408186e4bbccfd4996cb3dc -> 
  custom:container-muxer-webm: aa71ff27fc2769a1b78a27578f13a17b -> 
  custom:container-demuxer-webm: 4f35f7cbe854078d1ac9338744f61a02 -> 
  custom:container-demuxer-ogg: 62fdf1f143b41e24485cea50d1cbac27 -> 
  custom:video-encoder-webm-vp8: eb34c28f22e8b96e1ab97ce403110664 -> 
  custom:video-decoder-webm-vp8: 9c59270c3fd7afecdb556c50c9e8de78 -> 
  custom:audio-decoder-ogg-vorbis: bf7c407c2cedff20999df2af8eb42d56 -> 
  custom:audio-encoder-webm-vorbis: bf7c407c2cedff20999df2af8eb42d56 -> 
========================================================================
Received Import Request.
  Time since last request: 6312.411960 seconds.
  path: Assets/Prefab/Enemy_L 1.prefab
  artifactKey: Guid(4910bf68bfcdc4a43b921812b7bda9c1) Importer(815301076,1909f56bfc062723c751e8b465ee728b)
Start importing Assets/Prefab/Enemy_L 1.prefab using Guid(4910bf68bfcdc4a43b921812b7bda9c1) Importer(815301076,1909f56bfc062723c751e8b465ee728b)  -> (artifact id: 'c704fb4e44edbac111d5015ce4422613') in 0.121268 seconds 
  Import took 0.124644 seconds .

========================================================================
Received Import Request.
  Time since last request: 19.776331 seconds.
  path: Assets/Prefab/Enemy_Boss.prefab
  artifactKey: Guid(4910bf68bfcdc4a43b921812b7bda9c1) Importer(815301076,1909f56bfc062723c751e8b465ee728b)
Start importing Assets/Prefab/Enemy_Boss.prefab using Guid(4910bf68bfcdc4a43b921812b7bda9c1) Importer(815301076,1909f56bfc062723c751e8b465ee728b)  -> (artifact id: '7ee81587cd7e9cb9473d994abc5e5555') in 0.025098 seconds 
  Import took 0.028459 seconds .

========================================================================
Received Import Request.
  Time since last request: 5.387769 seconds.
  path: Assets/Prefab/E_Bullet_L 1.prefab
  artifactKey: Guid(586412fa091cf8b4ba34deaf78be291d) Importer(815301076,1909f56bfc062723c751e8b465ee728b)
Start importing Assets/Prefab/E_Bullet_L 1.prefab using Guid(586412fa091cf8b4ba34deaf78be291d) Importer(815301076,1909f56bfc062723c751e8b465ee728b)  -> (artifact id: '06582930eddc219a3733f6b420d0a944') in 0.017412 seconds 
  Import took 0.020596 seconds .

========================================================================
Received Import Request.
  Time since last request: 7.568813 seconds.
  path: Assets/Prefab/E_Bullet_Boss.prefab
  artifactKey: Guid(586412fa091cf8b4ba34deaf78be291d) Importer(815301076,1909f56bfc062723c751e8b465ee728b)
Start importing Assets/Prefab/E_Bullet_Boss.prefab using Guid(586412fa091cf8b4ba34deaf78be291d) Importer(815301076,1909f56bfc062723c751e8b465ee728b)  -> (artifact id: 'f5b30980e620e5c8571de9030a7bbed8') in 0.015299 seconds 
  Import took 0.019124 seconds .

========================================================================
Received Import Request.
  Time since last request: 29.970752 seconds.
  path: Assets/Prefab/E_Bullet_Boss.prefab
  artifactKey: Guid(586412fa091cf8b4ba34deaf78be291d) Importer(815301076,1909f56bfc062723c751e8b465ee728b)
Start importing Assets/Prefab/E_Bullet_Boss.prefab using Guid(586412fa091cf8b4ba34deaf78be291d) Importer(815301076,1909f56bfc062723c751e8b465ee728b)  -> (artifact id: '6ada8928df687540907cf6deb36e886e') in 0.014661 seconds 
  Import took 0.018598 seconds .

========================================================================
Received Import Request.
  Time since last request: 0.395457 seconds.
  path: Assets/Prefab/E_Bullet_Boss.prefab
  artifactKey: Guid(586412fa091cf8b4ba34deaf78be291d) Importer(815301076,1909f56bfc062723c751e8b465ee728b)
Start importing Assets/Prefab/E_Bullet_Boss.prefab using Guid(586412fa091cf8b4ba34deaf78be291d) Importer(815301076,1909f56bfc062723c751e8b465ee728b)  -> (artifact id: 'cafcbc948c787cc1ec518752778ca993') in 0.012408 seconds 
  Import took 0.016194 seconds .

========================================================================
Received Import Request.
  Time since last request: 3.459119 seconds.
  path: Assets/Prefab/E_Bullet_Boss.prefab
  artifactKey: Guid(586412fa091cf8b4ba34deaf78be291d) Importer(815301076,1909f56bfc062723c751e8b465ee728b)
Start importing Assets/Prefab/E_Bullet_Boss.prefab using Guid(586412fa091cf8b4ba34deaf78be291d) Importer(815301076,1909f56bfc062723c751e8b465ee728b)  -> (artifact id: 'a7a68a83449d59ac940cc5d60ef15ea0') in 0.013461 seconds 
  Import took 0.017717 seconds .

========================================================================
Received Import Request.
  Time since last request: 25.239688 seconds.
  path: Assets/Prefab/E_Bullet_Boss.prefab
  artifactKey: Guid(586412fa091cf8b4ba34deaf78be291d) Importer(815301076,1909f56bfc062723c751e8b465ee728b)
Start importing Assets/Prefab/E_Bullet_Boss.prefab using Guid(586412fa091cf8b4ba34deaf78be291d) Importer(815301076,1909f56bfc062723c751e8b465ee728b)  -> (artifact id: 'c0657ca8c92dfb331552213e7556544c') in 0.013683 seconds 
  Import took 0.017717 seconds .

========================================================================
Received Import Request.
  Time since last request: 1.575471 seconds.
  path: Assets/Prefab/E_Bullet_Boss.prefab
  artifactKey: Guid(586412fa091cf8b4ba34deaf78be291d) Importer(815301076,1909f56bfc062723c751e8b465ee728b)
Start importing Assets/Prefab/E_Bullet_Boss.prefab using Guid(586412fa091cf8b4ba34deaf78be291d) Importer(815301076,1909f56bfc062723c751e8b465ee728b)  -> (artifact id: '5fbefd9c747694202be5f05fa77f0cc8') in 0.014390 seconds 
  Import took 0.018092 seconds .

========================================================================
Received Import Request.
  Time since last request: 37.481225 seconds.
  path: Assets/Prefab/E_Bullet_Boss.prefab
  artifactKey: Guid(586412fa091cf8b4ba34deaf78be291d) Importer(815301076,1909f56bfc062723c751e8b465ee728b)
Start importing Assets/Prefab/E_Bullet_Boss.prefab using Guid(586412fa091cf8b4ba34deaf78be291d) Importer(815301076,1909f56bfc062723c751e8b465ee728b)  -> (artifact id: 'ac0c0bc28168a730636f6d00199ee1b2') in 0.010276 seconds 
  Import took 0.014803 seconds .

========================================================================
Received Import Request.
  Time since last request: 16.447114 seconds.
  path: Assets/Prefab/E_Bullet_Boss.prefab
  artifactKey: Guid(586412fa091cf8b4ba34deaf78be291d) Importer(815301076,1909f56bfc062723c751e8b465ee728b)
Start importing Assets/Prefab/E_Bullet_Boss.prefab using Guid(586412fa091cf8b4ba34deaf78be291d) Importer(815301076,1909f56bfc062723c751e8b465ee728b)  -> (artifact id: 'd8c4c2d5dbf280e75f890c08fcd7eecb') in 0.010040 seconds 
  Import took 0.014081 seconds .

========================================================================
Received Import Request.
  Time since last request: 3.486875 seconds.
  path: Assets/Prefab/E_Bullet_Boss.prefab
  artifactKey: Guid(586412fa091cf8b4ba34deaf78be291d) Importer(815301076,1909f56bfc062723c751e8b465ee728b)
Start importing Assets/Prefab/E_Bullet_Boss.prefab using Guid(586412fa091cf8b4ba34deaf78be291d) Importer(815301076,1909f56bfc062723c751e8b465ee728b)  -> (artifact id: '3b3e54f5b02b6f8b6a8553111687f25c') in 0.011424 seconds 
  Import took 0.015244 seconds .

========================================================================
Received Import Request.
  Time since last request: 2.999192 seconds.
  path: Assets/Prefab/E_Bullet_Boss.prefab
  artifactKey: Guid(586412fa091cf8b4ba34deaf78be291d) Importer(815301076,1909f56bfc062723c751e8b465ee728b)
Start importing Assets/Prefab/E_Bullet_Boss.prefab using Guid(586412fa091cf8b4ba34deaf78be291d) Importer(815301076,1909f56bfc062723c751e8b465ee728b)  -> (artifact id: '9c400185b9a9c39c9aebb2ba05f4da50') in 0.009265 seconds 
  Import took 0.013872 seconds .

========================================================================
Received Import Request.
  Time since last request: 5.674851 seconds.
  path: Assets/Prefab/E_Bullet_L.prefab
  artifactKey: Guid(c1c04b3f2de57e447a4d5d2d7a57dc13) Importer(815301076,1909f56bfc062723c751e8b465ee728b)
Start importing Assets/Prefab/E_Bullet_L.prefab using Guid(c1c04b3f2de57e447a4d5d2d7a57dc13) Importer(815301076,1909f56bfc062723c751e8b465ee728b)  -> (artifact id: '6b4414cf310003806334894130ed9725') in 0.015291 seconds 
  Import took 0.019239 seconds .

========================================================================
Received Import Request.
  Time since last request: 2.685781 seconds.
  path: Assets/Prefab/E_Bullet_M.prefab
  artifactKey: Guid(64de24451a19bbf42853a236e92f2a72) Importer(815301076,1909f56bfc062723c751e8b465ee728b)
Start importing Assets/Prefab/E_Bullet_M.prefab using Guid(64de24451a19bbf42853a236e92f2a72) Importer(815301076,1909f56bfc062723c751e8b465ee728b)  -> (artifact id: '4175fc73e03e397d34920740e6226870') in 0.017342 seconds 
  Import took 0.021802 seconds .

========================================================================
Received Import Request.
  Time since last request: 1.101957 seconds.
  path: Assets/Prefab/E_Bullet_S.prefab
  artifactKey: Guid(5e7e6d3d6ce969d4f839fa2fd11ae93b) Importer(815301076,1909f56bfc062723c751e8b465ee728b)
Start importing Assets/Prefab/E_Bullet_S.prefab using Guid(5e7e6d3d6ce969d4f839fa2fd11ae93b) Importer(815301076,1909f56bfc062723c751e8b465ee728b)  -> (artifact id: 'e3d7ba84b0253fa9448f2436209bf085') in 0.013810 seconds 
  Import took 0.017351 seconds .

========================================================================
Received Import Request.
  Time since last request: 1.044793 seconds.
  path: Assets/Prefab/E_Bullet_S.prefab
  artifactKey: Guid(5e7e6d3d6ce969d4f839fa2fd11ae93b) Importer(815301076,1909f56bfc062723c751e8b465ee728b)
Start importing Assets/Prefab/E_Bullet_S.prefab using Guid(5e7e6d3d6ce969d4f839fa2fd11ae93b) Importer(815301076,1909f56bfc062723c751e8b465ee728b)  -> (artifact id: '7e5b32f8c91b5293a78a06b55414c8b4') in 0.009311 seconds 
  Import took 0.014027 seconds .

========================================================================
Received Import Request.
  Time since last request: 19.027596 seconds.
  path: Assets/Prefab/E_Bullet_Boss.prefab
  artifactKey: Guid(586412fa091cf8b4ba34deaf78be291d) Importer(815301076,1909f56bfc062723c751e8b465ee728b)
Start importing Assets/Prefab/E_Bullet_Boss.prefab using Guid(586412fa091cf8b4ba34deaf78be291d) Importer(815301076,1909f56bfc062723c751e8b465ee728b)  -> (artifact id: 'de2c4f35fa73b5150350724ee1bea2b1') in 0.011028 seconds 
  Import took 0.015168 seconds .

========================================================================
Received Import Request.
  Time since last request: 1.579194 seconds.
  path: Assets/Prefab/E_Bullet_Boss.prefab
  artifactKey: Guid(586412fa091cf8b4ba34deaf78be291d) Importer(815301076,1909f56bfc062723c751e8b465ee728b)
Start importing Assets/Prefab/E_Bullet_Boss.prefab using Guid(586412fa091cf8b4ba34deaf78be291d) Importer(815301076,1909f56bfc062723c751e8b465ee728b)  -> (artifact id: 'c2343a5567830a8b52a7d09d66b07df7') in 0.010594 seconds 
  Import took 0.015011 seconds .

========================================================================
Received Import Request.
  Time since last request: 4.639911 seconds.
  path: Assets/Prefab/E_Bullet_Boss.prefab
  artifactKey: Guid(586412fa091cf8b4ba34deaf78be291d) Importer(815301076,1909f56bfc062723c751e8b465ee728b)
Start importing Assets/Prefab/E_Bullet_Boss.prefab using Guid(586412fa091cf8b4ba34deaf78be291d) Importer(815301076,1909f56bfc062723c751e8b465ee728b)  -> (artifact id: 'a60dc92e50ed2c1d3c4d198b7912ad56') in 0.010569 seconds 
  Import took 0.014270 seconds .

========================================================================
Received Import Request.
  Time since last request: 3.011800 seconds.
  path: Assets/Prefab/E_Bullet_Boss.prefab
  artifactKey: Guid(586412fa091cf8b4ba34deaf78be291d) Importer(815301076,1909f56bfc062723c751e8b465ee728b)
Start importing Assets/Prefab/E_Bullet_Boss.prefab using Guid(586412fa091cf8b4ba34deaf78be291d) Importer(815301076,1909f56bfc062723c751e8b465ee728b)  -> (artifact id: '7c1b51258ee066cc3ccae87f1ba32755') in 0.008110 seconds 
  Import took 0.011503 seconds .

========================================================================
Received Import Request.
  Time since last request: 3.014080 seconds.
  path: Assets/Prefab/E_Bullet_Boss.prefab
  artifactKey: Guid(586412fa091cf8b4ba34deaf78be291d) Importer(815301076,1909f56bfc062723c751e8b465ee728b)
Start importing Assets/Prefab/E_Bullet_Boss.prefab using Guid(586412fa091cf8b4ba34deaf78be291d) Importer(815301076,1909f56bfc062723c751e8b465ee728b)  -> (artifact id: '3b72506b0a961623ac2216cf2b77f3bf') in 0.012727 seconds 
  Import took 0.017093 seconds .

========================================================================
Received Import Request.
  Time since last request: 12.924930 seconds.
  path: Assets/Prefab/E_Bullet_Boss.prefab
  artifactKey: Guid(586412fa091cf8b4ba34deaf78be291d) Importer(815301076,1909f56bfc062723c751e8b465ee728b)
Start importing Assets/Prefab/E_Bullet_Boss.prefab using Guid(586412fa091cf8b4ba34deaf78be291d) Importer(815301076,1909f56bfc062723c751e8b465ee728b)  -> (artifact id: '159b4a16311c2714f3b6cb1e517a21ab') in 0.009503 seconds 
  Import took 0.012992 seconds .

========================================================================
Received Import Request.
  Time since last request: 50.696427 seconds.
  path: Assets/Prefab/Enemy_Boss.prefab
  artifactKey: Guid(4910bf68bfcdc4a43b921812b7bda9c1) Importer(815301076,1909f56bfc062723c751e8b465ee728b)
Start importing Assets/Prefab/Enemy_Boss.prefab using Guid(4910bf68bfcdc4a43b921812b7bda9c1) Importer(815301076,1909f56bfc062723c751e8b465ee728b)  -> (artifact id: 'aa37ca06636eeba79a678f0dc976e785') in 0.014862 seconds 
  Import took 0.018922 seconds .

========================================================================
Received Import Request.
  Time since last request: 3.626697 seconds.
  path: Assets/Prefab/Enemy_Boss.prefab
  artifactKey: Guid(4910bf68bfcdc4a43b921812b7bda9c1) Importer(815301076,1909f56bfc062723c751e8b465ee728b)
Start importing Assets/Prefab/Enemy_Boss.prefab using Guid(4910bf68bfcdc4a43b921812b7bda9c1) Importer(815301076,1909f56bfc062723c751e8b465ee728b)  -> (artifact id: 'e8b3d8467386791659cda0c8c4caf856') in 0.014554 seconds 
  Import took 0.018328 seconds .

========================================================================
Received Import Request.
  Time since last request: 13.598770 seconds.
  path: Assets/Prefab/Enemy_Boss.prefab
  artifactKey: Guid(4910bf68bfcdc4a43b921812b7bda9c1) Importer(815301076,1909f56bfc062723c751e8b465ee728b)
Start importing Assets/Prefab/Enemy_Boss.prefab using Guid(4910bf68bfcdc4a43b921812b7bda9c1) Importer(815301076,1909f56bfc062723c751e8b465ee728b)  -> (artifact id: '23270facf6a4da7b97b687b1551a7344') in 0.010823 seconds 
  Import took 0.014464 seconds .

========================================================================
Received Import Request.
  Time since last request: 2.045260 seconds.
  path: Assets/Prefab/Enemy_Boss.prefab
  artifactKey: Guid(4910bf68bfcdc4a43b921812b7bda9c1) Importer(815301076,1909f56bfc062723c751e8b465ee728b)
Start importing Assets/Prefab/Enemy_Boss.prefab using Guid(4910bf68bfcdc4a43b921812b7bda9c1) Importer(815301076,1909f56bfc062723c751e8b465ee728b)  -> (artifact id: 'abfa46146980de19176df83b31fa59bb') in 0.010181 seconds 
  Import took 0.013915 seconds .

========================================================================
Received Import Request.
  Time since last request: 3.459397 seconds.
  path: Assets/Prefab/Enemy_Boss.prefab
  artifactKey: Guid(4910bf68bfcdc4a43b921812b7bda9c1) Importer(815301076,1909f56bfc062723c751e8b465ee728b)
Start importing Assets/Prefab/Enemy_Boss.prefab using Guid(4910bf68bfcdc4a43b921812b7bda9c1) Importer(815301076,1909f56bfc062723c751e8b465ee728b)  -> (artifact id: '7ab82efb026b07344d5bbb43785af401') in 0.012440 seconds 
  Import took 0.016294 seconds .

========================================================================
Received Import Request.
  Time since last request: 12.516677 seconds.
  path: Assets/Prefab/Enemy_Boss.prefab
  artifactKey: Guid(4910bf68bfcdc4a43b921812b7bda9c1) Importer(815301076,1909f56bfc062723c751e8b465ee728b)
Start importing Assets/Prefab/Enemy_Boss.prefab using Guid(4910bf68bfcdc4a43b921812b7bda9c1) Importer(815301076,1909f56bfc062723c751e8b465ee728b)  -> (artifact id: '33507600811da977f0298364b0506aa1') in 0.013185 seconds 
  Import took 0.017410 seconds .

========================================================================
Received Import Request.
  Time since last request: 47.905495 seconds.
  path: Assets/Prefab/Enemy_Boss.prefab
  artifactKey: Guid(4910bf68bfcdc4a43b921812b7bda9c1) Importer(815301076,1909f56bfc062723c751e8b465ee728b)
Start importing Assets/Prefab/Enemy_Boss.prefab using Guid(4910bf68bfcdc4a43b921812b7bda9c1) Importer(815301076,1909f56bfc062723c751e8b465ee728b)  -> (artifact id: '688dae32bb91ba1f5cdaf6547ac0d617') in 0.010357 seconds 
  Import took 0.014144 seconds .

========================================================================
Received Import Request.
  Time since last request: 27.011720 seconds.
  path: Assets/Prefab/Enemy_Boss.prefab
  artifactKey: Guid(4910bf68bfcdc4a43b921812b7bda9c1) Importer(815301076,1909f56bfc062723c751e8b465ee728b)
Start importing Assets/Prefab/Enemy_Boss.prefab using Guid(4910bf68bfcdc4a43b921812b7bda9c1) Importer(815301076,1909f56bfc062723c751e8b465ee728b)  -> (artifact id: '00da29d9a557f6db73f87ad52b3b9ee2') in 0.015316 seconds 
  Import took 0.019116 seconds .

========================================================================
Received Import Request.
  Time since last request: 3.872458 seconds.
  path: Assets/Prefab/Enemy_Boss.prefab
  artifactKey: Guid(4910bf68bfcdc4a43b921812b7bda9c1) Importer(815301076,1909f56bfc062723c751e8b465ee728b)
Start importing Assets/Prefab/Enemy_Boss.prefab using Guid(4910bf68bfcdc4a43b921812b7bda9c1) Importer(815301076,1909f56bfc062723c751e8b465ee728b)  -> (artifact id: '8c29db2471e79927c549db642458b6ee') in 0.011241 seconds 
  Import took 0.015542 seconds .

========================================================================
Received Import Request.
  Time since last request: 1.637752 seconds.
  path: Assets/Prefab/Enemy_Boss.prefab
  artifactKey: Guid(4910bf68bfcdc4a43b921812b7bda9c1) Importer(815301076,1909f56bfc062723c751e8b465ee728b)
Start importing Assets/Prefab/Enemy_Boss.prefab using Guid(4910bf68bfcdc4a43b921812b7bda9c1) Importer(815301076,1909f56bfc062723c751e8b465ee728b)  -> (artifact id: '69fbd8e089621ebd7a572611b8f159c8') in 0.009083 seconds 
  Import took 0.012747 seconds .

========================================================================
Received Import Request.
  Time since last request: 30.347531 seconds.
  path: Assets/Prefab/Enemy_Boss.prefab
  artifactKey: Guid(4910bf68bfcdc4a43b921812b7bda9c1) Importer(815301076,1909f56bfc062723c751e8b465ee728b)
Start importing Assets/Prefab/Enemy_Boss.prefab using Guid(4910bf68bfcdc4a43b921812b7bda9c1) Importer(815301076,1909f56bfc062723c751e8b465ee728b)  -> (artifact id: '39b542c43c360c456dd384406fea436d') in 0.010957 seconds 
  Import took 0.014826 seconds .

========================================================================
Received Import Request.
  Time since last request: 1.340522 seconds.
  path: Assets/Prefab/Enemy_Boss.prefab
  artifactKey: Guid(4910bf68bfcdc4a43b921812b7bda9c1) Importer(815301076,1909f56bfc062723c751e8b465ee728b)
Start importing Assets/Prefab/Enemy_Boss.prefab using Guid(4910bf68bfcdc4a43b921812b7bda9c1) Importer(815301076,1909f56bfc062723c751e8b465ee728b)  -> (artifact id: '43ae8d4994c1e11eb6f99dae8a47de25') in 0.013279 seconds 
  Import took 0.017279 seconds .

========================================================================
Received Import Request.
  Time since last request: 8.695701 seconds.
  path: Assets/Prefab/Enemy_Boss.prefab
  artifactKey: Guid(4910bf68bfcdc4a43b921812b7bda9c1) Importer(815301076,1909f56bfc062723c751e8b465ee728b)
Start importing Assets/Prefab/Enemy_Boss.prefab using Guid(4910bf68bfcdc4a43b921812b7bda9c1) Importer(815301076,1909f56bfc062723c751e8b465ee728b)  -> (artifact id: '6974786c8fb4c0702911c0cce03400a8') in 0.012293 seconds 
  Import took 0.015707 seconds .

========================================================================
Received Import Request.
  Time since last request: 2.520756 seconds.
  path: Assets/Prefab/Enemy_Boss.prefab
  artifactKey: Guid(4910bf68bfcdc4a43b921812b7bda9c1) Importer(815301076,1909f56bfc062723c751e8b465ee728b)
Start importing Assets/Prefab/Enemy_Boss.prefab using Guid(4910bf68bfcdc4a43b921812b7bda9c1) Importer(815301076,1909f56bfc062723c751e8b465ee728b)  -> (artifact id: '887b51b39cf5314e4f905f024b860124') in 0.011864 seconds 
  Import took 0.015551 seconds .

========================================================================
Received Prepare
Registering precompiled user dll's ...
Registered in 0.029483 seconds.
Begin MonoManager ReloadAssembly
Native extension for WindowsStandalone target not found
Refreshing native plugins compatible for Editor in 0.43 ms, found 3 plugins.
Preloading 0 native plugins for Editor in 0.00 ms.
Mono: successfully reloaded assembly
- Completed reload, in  1.236 seconds
Domain Reload Profiling:
	ReloadAssembly (1237ms)
		BeginReloadAssembly (206ms)
			ExecutionOrderSort (0ms)
			DisableScriptedObjects (8ms)
			BackupInstance (0ms)
			ReleaseScriptingObjects (0ms)
			CreateAndSetChildDomain (76ms)
		EndReloadAssembly (948ms)
			LoadAssemblies (130ms)
			RebuildTransferFunctionScriptingTraits (0ms)
			SetupTypeCache (339ms)
			ReleaseScriptCaches (1ms)
			RebuildScriptCaches (42ms)
			SetupLoadedEditorAssemblies (343ms)
				LogAssemblyErrors (0ms)
				InitializePlatformSupportModulesInManaged (5ms)
				SetLoadedEditorAssemblies (0ms)
				RefreshPlugins (1ms)
				BeforeProcessingInitializeOnLoad (109ms)
				ProcessInitializeOnLoadAttributes (215ms)
				ProcessInitializeOnLoadMethodAttributes (6ms)
				AfterProcessingInitializeOnLoad (7ms)
				EditorAssembliesLoaded (0ms)
			ExecutionOrderSort2 (0ms)
			AwakeInstancesAfterBackupRestoration (11ms)
Platform modules already initialized, skipping
Refreshing native plugins compatible for Editor in 0.48 ms, found 3 plugins.
Preloading 0 native plugins for Editor in 0.00 ms.
Unloading 2089 Unused Serialized files (Serialized files now loaded: 0)
System memory in use before: 95.9 MB.
System memory in use after: 96.0 MB.

Unloading 14 unused Assets to reduce memory usage. Loaded Objects now: 2568.
Total: 3.095000 ms (FindLiveObjects: 0.198200 ms CreateObjectMapping: 0.064300 ms MarkObjects: 2.812900 ms  DeleteObjects: 0.018400 ms)

AssetImportParameters requested are different than current active one (requested -> active):
  custom:framework-win-MediaFoundation: 216162199b28c13a410421893ffa2e32 -> 
  custom:video-decoder-ogg-theora: a1e56fd34408186e4bbccfd4996cb3dc -> 
  custom:container-muxer-webm: aa71ff27fc2769a1b78a27578f13a17b -> 
  custom:container-demuxer-webm: 4f35f7cbe854078d1ac9338744f61a02 -> 
  custom:container-demuxer-ogg: 62fdf1f143b41e24485cea50d1cbac27 -> 
  custom:video-encoder-webm-vp8: eb34c28f22e8b96e1ab97ce403110664 -> 
  custom:video-decoder-webm-vp8: 9c59270c3fd7afecdb556c50c9e8de78 -> 
  custom:audio-decoder-ogg-vorbis: bf7c407c2cedff20999df2af8eb42d56 -> 
  custom:audio-encoder-webm-vorbis: bf7c407c2cedff20999df2af8eb42d56 -> 
========================================================================
Received Prepare
Registering precompiled user dll's ...
Registered in 0.003782 seconds.
Begin MonoManager ReloadAssembly
Native extension for WindowsStandalone target not found
Refreshing native plugins compatible for Editor in 0.99 ms, found 3 plugins.
Preloading 0 native plugins for Editor in 0.00 ms.
Mono: successfully reloaded assembly
- Completed reload, in  2.506 seconds
Domain Reload Profiling:
	ReloadAssembly (2506ms)
		BeginReloadAssembly (161ms)
			ExecutionOrderSort (0ms)
			DisableScriptedObjects (11ms)
			BackupInstance (0ms)
			ReleaseScriptingObjects (0ms)
			CreateAndSetChildDomain (42ms)
		EndReloadAssembly (2265ms)
			LoadAssemblies (135ms)
			RebuildTransferFunctionScriptingTraits (0ms)
			SetupTypeCache (1337ms)
			ReleaseScriptCaches (2ms)
			RebuildScriptCaches (197ms)
			SetupLoadedEditorAssemblies (371ms)
				LogAssemblyErrors (0ms)
				InitializePlatformSupportModulesInManaged (9ms)
				SetLoadedEditorAssemblies (1ms)
				RefreshPlugins (1ms)
				BeforeProcessingInitializeOnLoad (109ms)
				ProcessInitializeOnLoadAttributes (236ms)
				ProcessInitializeOnLoadMethodAttributes (6ms)
				AfterProcessingInitializeOnLoad (10ms)
				EditorAssembliesLoaded (0ms)
			ExecutionOrderSort2 (0ms)
			AwakeInstancesAfterBackupRestoration (11ms)
Platform modules already initialized, skipping
Refreshing native plugins compatible for Editor in 0.41 ms, found 3 plugins.
Preloading 0 native plugins for Editor in 0.00 ms.
Unloading 2089 Unused Serialized files (Serialized files now loaded: 0)
System memory in use before: 95.9 MB.
System memory in use after: 96.0 MB.

Unloading 14 unused Assets to reduce memory usage. Loaded Objects now: 2571.
Total: 4.041400 ms (FindLiveObjects: 0.233900 ms CreateObjectMapping: 0.081400 ms MarkObjects: 3.695300 ms  DeleteObjects: 0.029200 ms)

AssetImportParameters requested are different than current active one (requested -> active):
  custom:framework-win-MediaFoundation: 216162199b28c13a410421893ffa2e32 -> 
  custom:video-decoder-ogg-theora: a1e56fd34408186e4bbccfd4996cb3dc -> 
  custom:container-muxer-webm: aa71ff27fc2769a1b78a27578f13a17b -> 
  custom:container-demuxer-webm: 4f35f7cbe854078d1ac9338744f61a02 -> 
  custom:container-demuxer-ogg: 62fdf1f143b41e24485cea50d1cbac27 -> 
  custom:video-encoder-webm-vp8: eb34c28f22e8b96e1ab97ce403110664 -> 
  custom:video-decoder-webm-vp8: 9c59270c3fd7afecdb556c50c9e8de78 -> 
  custom:audio-decoder-ogg-vorbis: bf7c407c2cedff20999df2af8eb42d56 -> 
  custom:audio-encoder-webm-vorbis: bf7c407c2cedff20999df2af8eb42d56 -> 
========================================================================
Received Prepare
Registering precompiled user dll's ...
Registered in 0.003849 seconds.
Begin MonoManager ReloadAssembly
Native extension for WindowsStandalone target not found
Refreshing native plugins compatible for Editor in 0.54 ms, found 3 plugins.
Preloading 0 native plugins for Editor in 0.00 ms.
Mono: successfully reloaded assembly
- Completed reload, in  1.116 seconds
Domain Reload Profiling:
	ReloadAssembly (1117ms)
		BeginReloadAssembly (130ms)
			ExecutionOrderSort (0ms)
			DisableScriptedObjects (7ms)
			BackupInstance (0ms)
			ReleaseScriptingObjects (0ms)
			CreateAndSetChildDomain (34ms)
		EndReloadAssembly (917ms)
			LoadAssemblies (107ms)
			RebuildTransferFunctionScriptingTraits (0ms)
			SetupTypeCache (307ms)
			ReleaseScriptCaches (1ms)
			RebuildScriptCaches (44ms)
			SetupLoadedEditorAssemblies (353ms)
				LogAssemblyErrors (0ms)
				InitializePlatformSupportModulesInManaged (5ms)
				SetLoadedEditorAssemblies (0ms)
				RefreshPlugins (1ms)
				BeforeProcessingInitializeOnLoad (87ms)
				ProcessInitializeOnLoadAttributes (246ms)
				ProcessInitializeOnLoadMethodAttributes (5ms)
				AfterProcessingInitializeOnLoad (8ms)
				EditorAssembliesLoaded (0ms)
			ExecutionOrderSort2 (0ms)
			AwakeInstancesAfterBackupRestoration (10ms)
Platform modules already initialized, skipping
Refreshing native plugins compatible for Editor in 0.53 ms, found 3 plugins.
Preloading 0 native plugins for Editor in 0.00 ms.
Unloading 2089 Unused Serialized files (Serialized files now loaded: 0)
System memory in use before: 95.9 MB.
System memory in use after: 96.0 MB.

Unloading 14 unused Assets to reduce memory usage. Loaded Objects now: 2574.
Total: 3.518500 ms (FindLiveObjects: 0.205000 ms CreateObjectMapping: 0.074400 ms MarkObjects: 3.213800 ms  DeleteObjects: 0.024000 ms)

AssetImportParameters requested are different than current active one (requested -> active):
  custom:framework-win-MediaFoundation: 216162199b28c13a410421893ffa2e32 -> 
  custom:video-decoder-ogg-theora: a1e56fd34408186e4bbccfd4996cb3dc -> 
  custom:container-muxer-webm: aa71ff27fc2769a1b78a27578f13a17b -> 
  custom:container-demuxer-webm: 4f35f7cbe854078d1ac9338744f61a02 -> 
  custom:container-demuxer-ogg: 62fdf1f143b41e24485cea50d1cbac27 -> 
  custom:video-encoder-webm-vp8: eb34c28f22e8b96e1ab97ce403110664 -> 
  custom:video-decoder-webm-vp8: 9c59270c3fd7afecdb556c50c9e8de78 -> 
  custom:audio-decoder-ogg-vorbis: bf7c407c2cedff20999df2af8eb42d56 -> 
  custom:audio-encoder-webm-vorbis: bf7c407c2cedff20999df2af8eb42d56 -> 
========================================================================
Received Import Request.
  Time since last request: 2306.791098 seconds.
  path: Assets/Prefab/Enemy_Boss.prefab
  artifactKey: Guid(4910bf68bfcdc4a43b921812b7bda9c1) Importer(815301076,1909f56bfc062723c751e8b465ee728b)
Start importing Assets/Prefab/Enemy_Boss.prefab using Guid(4910bf68bfcdc4a43b921812b7bda9c1) Importer(815301076,1909f56bfc062723c751e8b465ee728b)  -> (artifact id: '89cacb107d6729d386e5046e2da09b0a') in 0.057018 seconds 
  Import took 0.060465 seconds .

========================================================================
Received Import Request.
  Time since last request: 0.000342 seconds.
  path: Assets/Prefab/Enemy_S.prefab
  artifactKey: Guid(a962f52924dcda14e9123574d3a92119) Importer(815301076,1909f56bfc062723c751e8b465ee728b)
Start importing Assets/Prefab/Enemy_S.prefab using Guid(a962f52924dcda14e9123574d3a92119) Importer(815301076,1909f56bfc062723c751e8b465ee728b)  -> (artifact id: 'a1b6a6637013e237d7e463b040367616') in 0.013302 seconds 
  Import took 0.017029 seconds .

========================================================================
Received Import Request.
  Time since last request: 0.000269 seconds.
  path: Assets/Prefab/O.prefab
  artifactKey: Guid(9fb90d275e4482d4b9a67d34210ebf63) Importer(815301076,1909f56bfc062723c751e8b465ee728b)
Start importing Assets/Prefab/O.prefab using Guid(9fb90d275e4482d4b9a67d34210ebf63) Importer(815301076,1909f56bfc062723c751e8b465ee728b)  -> (artifact id: 'e04b6fe0048098f12d59b38e7e438a45') in 0.014788 seconds 
  Import took 0.018766 seconds .

========================================================================
Received Import Request.
  Time since last request: 0.000271 seconds.
  path: Assets/Prefab/Enemy_L.prefab
  artifactKey: Guid(50d7bc284445ac842a6f581ae6417df2) Importer(815301076,1909f56bfc062723c751e8b465ee728b)
Start importing Assets/Prefab/Enemy_L.prefab using Guid(50d7bc284445ac842a6f581ae6417df2) Importer(815301076,1909f56bfc062723c751e8b465ee728b)  -> (artifact id: 'dd5e333cd9286306f33082adfc1ca5b8') in 0.014600 seconds 
  Import took 0.018326 seconds .

========================================================================
Received Import Request.
  Time since last request: 0.000384 seconds.
  path: Assets/Prefab/Enemy_M.prefab
  artifactKey: Guid(117be0cd580ed744482d8bb73e8f4d24) Importer(815301076,1909f56bfc062723c751e8b465ee728b)
Start importing Assets/Prefab/Enemy_M.prefab using Guid(117be0cd580ed744482d8bb73e8f4d24) Importer(815301076,1909f56bfc062723c751e8b465ee728b)  -> (artifact id: '10c58a795d5acd263ce77d5c29b19c18') in 0.013840 seconds 
  Import took 0.017497 seconds .

========================================================================
Received Prepare
Registering precompiled user dll's ...
Registered in 0.003932 seconds.
Begin MonoManager ReloadAssembly
Native extension for WindowsStandalone target not found
Refreshing native plugins compatible for Editor in 0.47 ms, found 3 plugins.
Preloading 0 native plugins for Editor in 0.00 ms.
Mono: successfully reloaded assembly
- Completed reload, in  1.192 seconds
Domain Reload Profiling:
	ReloadAssembly (1192ms)
		BeginReloadAssembly (132ms)
			ExecutionOrderSort (0ms)
			DisableScriptedObjects (5ms)
			BackupInstance (0ms)
			ReleaseScriptingObjects (0ms)
			CreateAndSetChildDomain (33ms)
		EndReloadAssembly (992ms)
			LoadAssemblies (110ms)
			RebuildTransferFunctionScriptingTraits (0ms)
			SetupTypeCache (381ms)
			ReleaseScriptCaches (2ms)
			RebuildScriptCaches (53ms)
			SetupLoadedEditorAssemblies (332ms)
				LogAssemblyErrors (0ms)
				InitializePlatformSupportModulesInManaged (6ms)
				SetLoadedEditorAssemblies (0ms)
				RefreshPlugins (1ms)
				BeforeProcessingInitializeOnLoad (97ms)
				ProcessInitializeOnLoadAttributes (214ms)
				ProcessInitializeOnLoadMethodAttributes (6ms)
				AfterProcessingInitializeOnLoad (8ms)
				EditorAssembliesLoaded (0ms)
			ExecutionOrderSort2 (0ms)
			AwakeInstancesAfterBackupRestoration (10ms)
Platform modules already initialized, skipping
Refreshing native plugins compatible for Editor in 0.53 ms, found 3 plugins.
Preloading 0 native plugins for Editor in 0.00 ms.
Unloading 2089 Unused Serialized files (Serialized files now loaded: 0)
System memory in use before: 95.9 MB.
System memory in use after: 96.0 MB.

Unloading 14 unused Assets to reduce memory usage. Loaded Objects now: 2578.
Total: 3.378000 ms (FindLiveObjects: 0.183800 ms CreateObjectMapping: 0.062100 ms MarkObjects: 3.111400 ms  DeleteObjects: 0.019700 ms)

AssetImportParameters requested are different than current active one (requested -> active):
  custom:framework-win-MediaFoundation: 216162199b28c13a410421893ffa2e32 -> 
  custom:video-decoder-ogg-theora: a1e56fd34408186e4bbccfd4996cb3dc -> 
  custom:container-muxer-webm: aa71ff27fc2769a1b78a27578f13a17b -> 
  custom:container-demuxer-webm: 4f35f7cbe854078d1ac9338744f61a02 -> 
  custom:container-demuxer-ogg: 62fdf1f143b41e24485cea50d1cbac27 -> 
  custom:video-encoder-webm-vp8: eb34c28f22e8b96e1ab97ce403110664 -> 
  custom:video-decoder-webm-vp8: 9c59270c3fd7afecdb556c50c9e8de78 -> 
  custom:audio-decoder-ogg-vorbis: bf7c407c2cedff20999df2af8eb42d56 -> 
  custom:audio-encoder-webm-vorbis: bf7c407c2cedff20999df2af8eb42d56 -> 
========================================================================
Received Prepare
Registering precompiled user dll's ...
Registered in 0.004365 seconds.
Begin MonoManager ReloadAssembly
Native extension for WindowsStandalone target not found
Refreshing native plugins compatible for Editor in 0.44 ms, found 3 plugins.
Preloading 0 native plugins for Editor in 0.00 ms.
Mono: successfully reloaded assembly
- Completed reload, in  1.175 seconds
Domain Reload Profiling:
	ReloadAssembly (1175ms)
		BeginReloadAssembly (131ms)
			ExecutionOrderSort (0ms)
			DisableScriptedObjects (6ms)
			BackupInstance (0ms)
			ReleaseScriptingObjects (0ms)
			CreateAndSetChildDomain (46ms)
		EndReloadAssembly (977ms)
			LoadAssemblies (124ms)
			RebuildTransferFunctionScriptingTraits (0ms)
			SetupTypeCache (366ms)
			ReleaseScriptCaches (1ms)
			RebuildScriptCaches (48ms)
			SetupLoadedEditorAssemblies (318ms)
				LogAssemblyErrors (0ms)
				InitializePlatformSupportModulesInManaged (5ms)
				SetLoadedEditorAssemblies (0ms)
				RefreshPlugins (1ms)
				BeforeProcessingInitializeOnLoad (90ms)
				ProcessInitializeOnLoadAttributes (208ms)
				ProcessInitializeOnLoadMethodAttributes (6ms)
				AfterProcessingInitializeOnLoad (8ms)
				EditorAssembliesLoaded (0ms)
			ExecutionOrderSort2 (0ms)
			AwakeInstancesAfterBackupRestoration (11ms)
Platform modules already initialized, skipping
Refreshing native plugins compatible for Editor in 0.46 ms, found 3 plugins.
Preloading 0 native plugins for Editor in 0.00 ms.
Unloading 2089 Unused Serialized files (Serialized files now loaded: 0)
System memory in use before: 95.9 MB.
System memory in use after: 96.0 MB.

Unloading 14 unused Assets to reduce memory usage. Loaded Objects now: 2581.
Total: 4.961000 ms (FindLiveObjects: 0.184300 ms CreateObjectMapping: 0.062700 ms MarkObjects: 4.665400 ms  DeleteObjects: 0.045900 ms)

AssetImportParameters requested are different than current active one (requested -> active):
  custom:framework-win-MediaFoundation: 216162199b28c13a410421893ffa2e32 -> 
  custom:video-decoder-ogg-theora: a1e56fd34408186e4bbccfd4996cb3dc -> 
  custom:container-muxer-webm: aa71ff27fc2769a1b78a27578f13a17b -> 
  custom:container-demuxer-webm: 4f35f7cbe854078d1ac9338744f61a02 -> 
  custom:container-demuxer-ogg: 62fdf1f143b41e24485cea50d1cbac27 -> 
  custom:video-encoder-webm-vp8: eb34c28f22e8b96e1ab97ce403110664 -> 
  custom:video-decoder-webm-vp8: 9c59270c3fd7afecdb556c50c9e8de78 -> 
  custom:audio-decoder-ogg-vorbis: bf7c407c2cedff20999df2af8eb42d56 -> 
  custom:audio-encoder-webm-vorbis: bf7c407c2cedff20999df2af8eb42d56 -> 
========================================================================
Received Import Request.
  Time since last request: 110.945819 seconds.
  path: Assets/Prefab/Enemy_L.prefab
  artifactKey: Guid(50d7bc284445ac842a6f581ae6417df2) Importer(815301076,1909f56bfc062723c751e8b465ee728b)
Start importing Assets/Prefab/Enemy_L.prefab using Guid(50d7bc284445ac842a6f581ae6417df2) Importer(815301076,1909f56bfc062723c751e8b465ee728b)  -> (artifact id: 'e92ab2834bb50605b8ad39ce0b6f1282') in 0.077881 seconds 
  Import took 0.083125 seconds .

========================================================================
Received Import Request.
  Time since last request: 0.451613 seconds.
  path: Assets/Prefab/Enemy_M.prefab
  artifactKey: Guid(117be0cd580ed744482d8bb73e8f4d24) Importer(815301076,1909f56bfc062723c751e8b465ee728b)
Start importing Assets/Prefab/Enemy_M.prefab using Guid(117be0cd580ed744482d8bb73e8f4d24) Importer(815301076,1909f56bfc062723c751e8b465ee728b)  -> (artifact id: '959a7685a455d23c6a385ea8ab905654') in 0.014043 seconds 
  Import took 0.017685 seconds .

========================================================================
Received Prepare
Registering precompiled user dll's ...
Registered in 0.004484 seconds.
Begin MonoManager ReloadAssembly
Native extension for WindowsStandalone target not found
Refreshing native plugins compatible for Editor in 0.52 ms, found 3 plugins.
Preloading 0 native plugins for Editor in 0.00 ms.
Mono: successfully reloaded assembly
- Completed reload, in  1.160 seconds
Domain Reload Profiling:
	ReloadAssembly (1161ms)
		BeginReloadAssembly (126ms)
			ExecutionOrderSort (0ms)
			DisableScriptedObjects (5ms)
			BackupInstance (0ms)
			ReleaseScriptingObjects (0ms)
			CreateAndSetChildDomain (32ms)
		EndReloadAssembly (970ms)
			LoadAssemblies (99ms)
			RebuildTransferFunctionScriptingTraits (0ms)
			SetupTypeCache (330ms)
			ReleaseScriptCaches (1ms)
			RebuildScriptCaches (50ms)
			SetupLoadedEditorAssemblies (360ms)
				LogAssemblyErrors (0ms)
				InitializePlatformSupportModulesInManaged (6ms)
				SetLoadedEditorAssemblies (1ms)
				RefreshPlugins (1ms)
				BeforeProcessingInitializeOnLoad (98ms)
				ProcessInitializeOnLoadAttributes (239ms)
				ProcessInitializeOnLoadMethodAttributes (7ms)
				AfterProcessingInitializeOnLoad (9ms)
				EditorAssembliesLoaded (0ms)
			ExecutionOrderSort2 (0ms)
			AwakeInstancesAfterBackupRestoration (12ms)
Platform modules already initialized, skipping
Refreshing native plugins compatible for Editor in 0.93 ms, found 3 plugins.
Preloading 0 native plugins for Editor in 0.00 ms.
Unloading 2089 Unused Serialized files (Serialized files now loaded: 0)
System memory in use before: 95.9 MB.
System memory in use after: 96.0 MB.

Unloading 14 unused Assets to reduce memory usage. Loaded Objects now: 2585.
Total: 3.377000 ms (FindLiveObjects: 0.176600 ms CreateObjectMapping: 0.085500 ms MarkObjects: 3.096700 ms  DeleteObjects: 0.017100 ms)

AssetImportParameters requested are different than current active one (requested -> active):
  custom:framework-win-MediaFoundation: 216162199b28c13a410421893ffa2e32 -> 
  custom:video-decoder-ogg-theora: a1e56fd34408186e4bbccfd4996cb3dc -> 
  custom:container-muxer-webm: aa71ff27fc2769a1b78a27578f13a17b -> 
  custom:container-demuxer-webm: 4f35f7cbe854078d1ac9338744f61a02 -> 
  custom:container-demuxer-ogg: 62fdf1f143b41e24485cea50d1cbac27 -> 
  custom:video-encoder-webm-vp8: eb34c28f22e8b96e1ab97ce403110664 -> 
  custom:video-decoder-webm-vp8: 9c59270c3fd7afecdb556c50c9e8de78 -> 
  custom:audio-decoder-ogg-vorbis: bf7c407c2cedff20999df2af8eb42d56 -> 
  custom:audio-encoder-webm-vorbis: bf7c407c2cedff20999df2af8eb42d56 -> 
========================================================================
Received Import Request.
  Time since last request: 7.030817 seconds.
  path: Assets/Prefab/Enemy_S.prefab
  artifactKey: Guid(a962f52924dcda14e9123574d3a92119) Importer(815301076,1909f56bfc062723c751e8b465ee728b)
Start importing Assets/Prefab/Enemy_S.prefab using Guid(a962f52924dcda14e9123574d3a92119) Importer(815301076,1909f56bfc062723c751e8b465ee728b)  -> (artifact id: '3fa63333d0e4458666fa3688aed6513b') in 0.058898 seconds 
  Import took 0.063098 seconds .

========================================================================
Received Prepare
Registering precompiled user dll's ...
Registered in 0.024846 seconds.
Begin MonoManager ReloadAssembly
Native extension for WindowsStandalone target not found
Refreshing native plugins compatible for Editor in 0.44 ms, found 3 plugins.
Preloading 0 native plugins for Editor in 0.00 ms.
Mono: successfully reloaded assembly
- Completed reload, in  1.109 seconds
Domain Reload Profiling:
	ReloadAssembly (1110ms)
		BeginReloadAssembly (131ms)
			ExecutionOrderSort (0ms)
			DisableScriptedObjects (10ms)
			BackupInstance (0ms)
			ReleaseScriptingObjects (0ms)
			CreateAndSetChildDomain (35ms)
		EndReloadAssembly (896ms)
			LoadAssemblies (112ms)
			RebuildTransferFunctionScriptingTraits (0ms)
			SetupTypeCache (317ms)
			ReleaseScriptCaches (1ms)
			RebuildScriptCaches (45ms)
			SetupLoadedEditorAssemblies (303ms)
				LogAssemblyErrors (0ms)
				InitializePlatformSupportModulesInManaged (5ms)
				SetLoadedEditorAssemblies (0ms)
				RefreshPlugins (1ms)
				BeforeProcessingInitializeOnLoad (83ms)
				ProcessInitializeOnLoadAttributes (199ms)
				ProcessInitializeOnLoadMethodAttributes (6ms)
				AfterProcessingInitializeOnLoad (8ms)
				EditorAssembliesLoaded (0ms)
			ExecutionOrderSort2 (0ms)
			AwakeInstancesAfterBackupRestoration (11ms)
Platform modules already initialized, skipping
Refreshing native plugins compatible for Editor in 0.47 ms, found 3 plugins.
Preloading 0 native plugins for Editor in 0.00 ms.
Unloading 2089 Unused Serialized files (Serialized files now loaded: 0)
System memory in use before: 95.9 MB.
System memory in use after: 96.1 MB.

Unloading 14 unused Assets to reduce memory usage. Loaded Objects now: 2589.
Total: 4.127200 ms (FindLiveObjects: 0.187000 ms CreateObjectMapping: 0.066800 ms MarkObjects: 3.848600 ms  DeleteObjects: 0.023600 ms)

AssetImportParameters requested are different than current active one (requested -> active):
  custom:framework-win-MediaFoundation: 216162199b28c13a410421893ffa2e32 -> 
  custom:video-decoder-ogg-theora: a1e56fd34408186e4bbccfd4996cb3dc -> 
  custom:container-muxer-webm: aa71ff27fc2769a1b78a27578f13a17b -> 
  custom:container-demuxer-webm: 4f35f7cbe854078d1ac9338744f61a02 -> 
  custom:container-demuxer-ogg: 62fdf1f143b41e24485cea50d1cbac27 -> 
  custom:video-encoder-webm-vp8: eb34c28f22e8b96e1ab97ce403110664 -> 
  custom:video-decoder-webm-vp8: 9c59270c3fd7afecdb556c50c9e8de78 -> 
  custom:audio-decoder-ogg-vorbis: bf7c407c2cedff20999df2af8eb42d56 -> 
  custom:audio-encoder-webm-vorbis: bf7c407c2cedff20999df2af8eb42d56 -> 
========================================================================
Received Prepare
Registering precompiled user dll's ...
Registered in 0.005742 seconds.
Begin MonoManager ReloadAssembly
Native extension for WindowsStandalone target not found
Refreshing native plugins compatible for Editor in 0.48 ms, found 3 plugins.
Preloading 0 native plugins for Editor in 0.00 ms.
Mono: successfully reloaded assembly
- Completed reload, in  1.110 seconds
Domain Reload Profiling:
	ReloadAssembly (1110ms)
		BeginReloadAssembly (125ms)
			ExecutionOrderSort (0ms)
			DisableScriptedObjects (8ms)
			BackupInstance (0ms)
			ReleaseScriptingObjects (0ms)
			CreateAndSetChildDomain (35ms)
		EndReloadAssembly (916ms)
			LoadAssemblies (110ms)
			RebuildTransferFunctionScriptingTraits (0ms)
			SetupTypeCache (313ms)
			ReleaseScriptCaches (1ms)
			RebuildScriptCaches (47ms)
			SetupLoadedEditorAssemblies (328ms)
				LogAssemblyErrors (0ms)
				InitializePlatformSupportModulesInManaged (5ms)
				SetLoadedEditorAssemblies (0ms)
				RefreshPlugins (1ms)
				BeforeProcessingInitializeOnLoad (93ms)
				ProcessInitializeOnLoadAttributes (213ms)
				ProcessInitializeOnLoadMethodAttributes (7ms)
				AfterProcessingInitializeOnLoad (9ms)
				EditorAssembliesLoaded (0ms)
			ExecutionOrderSort2 (0ms)
			AwakeInstancesAfterBackupRestoration (13ms)
Platform modules already initialized, skipping
Refreshing native plugins compatible for Editor in 0.44 ms, found 3 plugins.
Preloading 0 native plugins for Editor in 0.00 ms.
Unloading 2089 Unused Serialized files (Serialized files now loaded: 0)
System memory in use before: 95.9 MB.
System memory in use after: 96.1 MB.

Unloading 14 unused Assets to reduce memory usage. Loaded Objects now: 2592.
Total: 3.589500 ms (FindLiveObjects: 0.208800 ms CreateObjectMapping: 0.089400 ms MarkObjects: 3.265200 ms  DeleteObjects: 0.024800 ms)

AssetImportParameters requested are different than current active one (requested -> active):
  custom:framework-win-MediaFoundation: 216162199b28c13a410421893ffa2e32 -> 
  custom:video-decoder-ogg-theora: a1e56fd34408186e4bbccfd4996cb3dc -> 
  custom:container-muxer-webm: aa71ff27fc2769a1b78a27578f13a17b -> 
  custom:container-demuxer-webm: 4f35f7cbe854078d1ac9338744f61a02 -> 
  custom:container-demuxer-ogg: 62fdf1f143b41e24485cea50d1cbac27 -> 
  custom:video-encoder-webm-vp8: eb34c28f22e8b96e1ab97ce403110664 -> 
  custom:video-decoder-webm-vp8: 9c59270c3fd7afecdb556c50c9e8de78 -> 
  custom:audio-decoder-ogg-vorbis: bf7c407c2cedff20999df2af8eb42d56 -> 
  custom:audio-encoder-webm-vorbis: bf7c407c2cedff20999df2af8eb42d56 -> 
========================================================================
Received Prepare
Registering precompiled user dll's ...
Registered in 0.003756 seconds.
Begin MonoManager ReloadAssembly
Native extension for WindowsStandalone target not found
Refreshing native plugins compatible for Editor in 0.81 ms, found 3 plugins.
Preloading 0 native plugins for Editor in 0.00 ms.
Mono: successfully reloaded assembly
- Completed reload, in  1.315 seconds
Domain Reload Profiling:
	ReloadAssembly (1315ms)
		BeginReloadAssembly (165ms)
			ExecutionOrderSort (0ms)
			DisableScriptedObjects (9ms)
			BackupInstance (0ms)
			ReleaseScriptingObjects (0ms)
			CreateAndSetChildDomain (42ms)
		EndReloadAssembly (1062ms)
			LoadAssemblies (148ms)
			RebuildTransferFunctionScriptingTraits (0ms)
			SetupTypeCache (374ms)
			ReleaseScriptCaches (2ms)
			RebuildScriptCaches (65ms)
			SetupLoadedEditorAssemblies (361ms)
				LogAssemblyErrors (0ms)
				InitializePlatformSupportModulesInManaged (6ms)
				SetLoadedEditorAssemblies (1ms)
				RefreshPlugins (1ms)
				BeforeProcessingInitializeOnLoad (101ms)
				ProcessInitializeOnLoadAttributes (236ms)
				ProcessInitializeOnLoadMethodAttributes (8ms)
				AfterProcessingInitializeOnLoad (9ms)
				EditorAssembliesLoaded (0ms)
			ExecutionOrderSort2 (0ms)
			AwakeInstancesAfterBackupRestoration (14ms)
Platform modules already initialized, skipping
Refreshing native plugins compatible for Editor in 0.44 ms, found 3 plugins.
Preloading 0 native plugins for Editor in 0.00 ms.
Unloading 2089 Unused Serialized files (Serialized files now loaded: 0)
System memory in use before: 96.0 MB.
System memory in use after: 96.1 MB.

Unloading 14 unused Assets to reduce memory usage. Loaded Objects now: 2595.
Total: 3.672400 ms (FindLiveObjects: 0.239400 ms CreateObjectMapping: 0.090500 ms MarkObjects: 3.321700 ms  DeleteObjects: 0.019600 ms)

AssetImportParameters requested are different than current active one (requested -> active):
  custom:framework-win-MediaFoundation: 216162199b28c13a410421893ffa2e32 -> 
  custom:video-decoder-ogg-theora: a1e56fd34408186e4bbccfd4996cb3dc -> 
  custom:container-muxer-webm: aa71ff27fc2769a1b78a27578f13a17b -> 
  custom:container-demuxer-webm: 4f35f7cbe854078d1ac9338744f61a02 -> 
  custom:container-demuxer-ogg: 62fdf1f143b41e24485cea50d1cbac27 -> 
  custom:video-encoder-webm-vp8: eb34c28f22e8b96e1ab97ce403110664 -> 
  custom:video-decoder-webm-vp8: 9c59270c3fd7afecdb556c50c9e8de78 -> 
  custom:audio-decoder-ogg-vorbis: bf7c407c2cedff20999df2af8eb42d56 -> 
  custom:audio-encoder-webm-vorbis: bf7c407c2cedff20999df2af8eb42d56 -> 
========================================================================
Received Prepare
Registering precompiled user dll's ...
Registered in 0.003714 seconds.
Begin MonoManager ReloadAssembly
Native extension for WindowsStandalone target not found
Refreshing native plugins compatible for Editor in 0.41 ms, found 3 plugins.
Preloading 0 native plugins for Editor in 0.00 ms.
Mono: successfully reloaded assembly
- Completed reload, in  1.040 seconds
Domain Reload Profiling:
	ReloadAssembly (1040ms)
		BeginReloadAssembly (135ms)
			ExecutionOrderSort (0ms)
			DisableScriptedObjects (6ms)
			BackupInstance (0ms)
			ReleaseScriptingObjects (0ms)
			CreateAndSetChildDomain (31ms)
		EndReloadAssembly (821ms)
			LoadAssemblies (120ms)
			RebuildTransferFunctionScriptingTraits (0ms)
			SetupTypeCache (285ms)
			ReleaseScriptCaches (1ms)
			RebuildScriptCaches (40ms)
			SetupLoadedEditorAssemblies (294ms)
				LogAssemblyErrors (0ms)
				InitializePlatformSupportModulesInManaged (5ms)
				SetLoadedEditorAssemblies (0ms)
				RefreshPlugins (0ms)
				BeforeProcessingInitializeOnLoad (84ms)
				ProcessInitializeOnLoadAttributes (191ms)
				ProcessInitializeOnLoadMethodAttributes (6ms)
				AfterProcessingInitializeOnLoad (7ms)
				EditorAssembliesLoaded (0ms)
			ExecutionOrderSort2 (0ms)
			AwakeInstancesAfterBackupRestoration (10ms)
Platform modules already initialized, skipping
Refreshing native plugins compatible for Editor in 0.51 ms, found 3 plugins.
Preloading 0 native plugins for Editor in 0.00 ms.
Unloading 2089 Unused Serialized files (Serialized files now loaded: 0)
System memory in use before: 96.0 MB.
System memory in use after: 96.1 MB.

Unloading 14 unused Assets to reduce memory usage. Loaded Objects now: 2598.
Total: 4.147700 ms (FindLiveObjects: 0.197300 ms CreateObjectMapping: 0.075400 ms MarkObjects: 3.844100 ms  DeleteObjects: 0.028400 ms)

AssetImportParameters requested are different than current active one (requested -> active):
  custom:framework-win-MediaFoundation: 216162199b28c13a410421893ffa2e32 -> 
  custom:video-decoder-ogg-theora: a1e56fd34408186e4bbccfd4996cb3dc -> 
  custom:container-muxer-webm: aa71ff27fc2769a1b78a27578f13a17b -> 
  custom:container-demuxer-webm: 4f35f7cbe854078d1ac9338744f61a02 -> 
  custom:container-demuxer-ogg: 62fdf1f143b41e24485cea50d1cbac27 -> 
  custom:video-encoder-webm-vp8: eb34c28f22e8b96e1ab97ce403110664 -> 
  custom:video-decoder-webm-vp8: 9c59270c3fd7afecdb556c50c9e8de78 -> 
  custom:audio-decoder-ogg-vorbis: bf7c407c2cedff20999df2af8eb42d56 -> 
  custom:audio-encoder-webm-vorbis: bf7c407c2cedff20999df2af8eb42d56 -> 
AssetImportWorkerClient::OnTransportError - code=2 error=End of file
